Running CarbBuilder
bDGlcA13bDGlc
bDGlcA13bDGlc
bDGlcA(1->3)bDGlc
mono CBv2.1.45/CBv2.1.45/CarbBuilder2.exe -i "bDGlcA(1->3)bDGlc" -o bDGlcA13bDGlc -PSF
Output:  ----------------------------------
 ========== CarbBuilder v2 ========
 ----------------------------------
--- Author:  Michelle Kuttel mkuttel@gmail.com, [CarbBuilder v1 by Yue Mao and Michelle Kuttel]
--- University of Cape Town, South Africa.
--- CarbBuilder is distributed under:
--- The Artistic License 2.0  Copyright (c) 2021 Michelle M. Kuttel
---  For structures produced, please reference:  CarbBuilder: Software for Building Molecular Models of Complex Oligo- and Polysaccharide Structures. M. M. Kuttel, Jonas Stahle, and Goran Widmalm, J. Comput. Chem., 37(22): 2098-2105 (2016). DOI: 10.1002/jcc.24428.
 -----------------------------
==================================================
... Input string is bDGlcA(1->3)bDGlc
... Repeat unit length = 2
... No residues = 2
==================================================

... Searching file 'dihedrals.txt' for  'bDGlcA 1 3 bDGlc'... NOT found! 
... so now searching  file 'dihedrals.txt' for  basic linkage 'bDGlc 1 3 bDGlc'... Dihedral Match: bDGlc 1 3 bDGlc,2,47 15,25 15,175 2.5,15 177.5,62.5 60,155 165,45 142.5
...Linking residues (#1)  bDGlcA(1->3)bDGlc (#0)
...   Trying dihedral angles = 47.001,15.001
...    successful
FINAL linkage: #2 bDGlcA (1->3) #1 bDGlc: 47, 15
FINAL structurebDGlcA13bDGlc
... 	Writing pbd file: bDGlcA13bDGlc.pdb
... 	Writing pbd file: bDGlcA13bDGlc_prePSFgen.pdb
... invoking psfgen  with commands: 
...

topology /home/vboxuser/Documents/HonsProject/Code/CBv2.1.45/CBv2.1.45/structureFile/CHARMM_topology_file.txt
segment CARB {pdb bDGlcA13bDGlc.pdb}
patch CAC6 CARB:2
patch 13bb CARB:1 CARB:2
coordpdb bDGlcA13bDGlc.pdb CARB
regenerate angles dihedrals
writepdb bDGlcA13bDGlc.pdb
writepsf bDGlcA13bDGlc.psf
exit
...

PSFGEN 2.0 from NAMD 3.0b6 for Linux-x86_64-multicore
psfgen) reading topology file /home/vboxuser/Documents/HonsProject/Code/CBv2.1.45/CBv2.1.45/structureFile/CHARMM_topology_file.txt

psfgen)  $Id: top_allxx_sugar.inp,v 1.98 2011-07-20 15:03:53 prabhu Exp $
psfgen) >>>>>>>>>>>> All-hydrogen topologies used in the <<<<<<<<<<<<<<<<
psfgen) >>>>> development of the CHARMM carbohydrate  force field<<<<<<<<
psfgen) >>>>>>>>>>>>>>>>>>>>>>>>> June 2009 <<<<<<<<<<<<<<<<<<<<<<<<<<<<<
psfgen) >>>>>>>> Direct comments to Alexander D. MacKerell Jr. <<<<<<<<<<
psfgen) >>>>>>>>>> via the CHARMM web site: www.charmm.org <<<<<<<<<<<<<<
psfgen) >>>>>>>>>>>>>>> parameter set discussion forum <<<<<<<<<<<<<<<<<<
psfgen) 
psfgen) Created by CHARMM version 32 1
psfgen) building segment CARB
psfgen) reading residues from pdb file bDGlcA13bDGlc.pdb
psfgen) extracted 2 residues from pdb file
Info: generating structure...
segment complete.
psfgen) applying patch CAC6 to 1 residue(s)
psfgen) applying patch 13BB to 2 residue(s)
psfgen) reading coordinates from pdb file bDGlcA13bDGlc.pdb for segment CARB
psfgen) regenerating all angles
psfgen) regenerating all dihedrals
psfgen) Info: writing pdb file bDGlcA13bDGlc.pdb
psfgen) Info: pdb file complete.
psfgen) Info: writing psf file bDGlcA13bDGlc.psf
psfgen) total of 43 atoms
psfgen) total of 44 bonds
psfgen) total of 79 angles
psfgen) total of 126 dihedrals
psfgen) total of 1 impropers
psfgen) total of 0 explicit exclusions
psfgen) Structure requires EXTended PSF format
psfgen) total of 0 cross-terms
psfgen) Info: psf file complete.



========================

PDB file Built: bDGlcA13bDGlc.pdb

Error: 
