Running CarbBuilder
aLRha13bDGlc
aLRha13bDGlc
aLRha(1->3)bDGlc
mono CBv2.1.45/CBv2.1.45/CarbBuilder2.exe -i "aLRha(1->3)bDGlc" -o aLRha13bDGlc -PSF
Output:  ----------------------------------
 ========== CarbBuilder v2 ========
 ----------------------------------
--- Author:  Michelle Kuttel mkuttel@gmail.com, [CarbBuilder v1 by Yue Mao and Michelle Kuttel]
--- University of Cape Town, South Africa.
--- CarbBuilder is distributed under:
--- The Artistic License 2.0  Copyright (c) 2021 Michelle M. Kuttel
---  For structures produced, please reference:  CarbBuilder: Software for Building Molecular Models of Complex Oligo- and Polysaccharide Structures. M. M. Kuttel, Jonas Stahle, and Goran Widmalm, J. Comput. Chem., 37(22): 2098-2105 (2016). DOI: 10.1002/jcc.24428.
 -----------------------------
==================================================
... Input string is aLRha(1->3)bDGlc
... Repeat unit length = 2
... No residues = 2
==================================================

... Searching file 'dihedrals.txt' for  'aLRha 1 3 bDGlc'... Dihedral Match: aLRha 1 3 bDGlc,2,41 -19,33 161
...Linking residues (#1)  aLRha(1->3)bDGlc (#0)
...   Trying dihedral angles = 41.001,-18.999
...    successful
FINAL linkage: #2 aLRha (1->3) #1 bDGlc: 41, -19
FINAL structureaLRha13bDGlc
... 	Writing pbd file: aLRha13bDGlc.pdb
... 	Writing pbd file: aLRha13bDGlc_prePSFgen.pdb
... invoking psfgen  with commands: 
...

topology /home/vboxuser/Documents/HonsProject/Code/CBv2.1.45/CBv2.1.45/structureFile/CHARMM_topology_file.txt
segment CARB {pdb aLRha13bDGlc.pdb}
patch 13ab CARB:1 CARB:2
coordpdb aLRha13bDGlc.pdb CARB
regenerate angles dihedrals
writepdb aLRha13bDGlc.pdb
writepsf aLRha13bDGlc.psf
exit
...

PSFGEN 2.0 from NAMD 3.0b6 for Linux-x86_64-multicore
psfgen) reading topology file /home/vboxuser/Documents/HonsProject/Code/CBv2.1.45/CBv2.1.45/structureFile/CHARMM_topology_file.txt

psfgen)  $Id: top_allxx_sugar.inp,v 1.98 2011-07-20 15:03:53 prabhu Exp $
psfgen) >>>>>>>>>>>> All-hydrogen topologies used in the <<<<<<<<<<<<<<<<
psfgen) >>>>> development of the CHARMM carbohydrate  force field<<<<<<<<
psfgen) >>>>>>>>>>>>>>>>>>>>>>>>> June 2009 <<<<<<<<<<<<<<<<<<<<<<<<<<<<<
psfgen) >>>>>>>> Direct comments to Alexander D. MacKerell Jr. <<<<<<<<<<
psfgen) >>>>>>>>>> via the CHARMM web site: www.charmm.org <<<<<<<<<<<<<<
psfgen) >>>>>>>>>>>>>>> parameter set discussion forum <<<<<<<<<<<<<<<<<<
psfgen) 
psfgen) Created by CHARMM version 32 1
psfgen) building segment CARB
psfgen) reading residues from pdb file aLRha13bDGlc.pdb
psfgen) extracted 2 residues from pdb file
Info: generating structure...
segment complete.
psfgen) applying patch 13AB to 2 residue(s)
psfgen) reading coordinates from pdb file aLRha13bDGlc.pdb for segment CARB
psfgen) regenerating all angles
psfgen) regenerating all dihedrals
psfgen) Info: writing pdb file aLRha13bDGlc.pdb
psfgen) Info: pdb file complete.
psfgen) Info: writing psf file aLRha13bDGlc.psf
psfgen) total of 44 atoms
psfgen) total of 45 bonds
psfgen) total of 82 angles
psfgen) total of 129 dihedrals
psfgen) total of 0 impropers
psfgen) total of 0 explicit exclusions
psfgen) Structure requires EXTended PSF format
psfgen) total of 0 cross-terms
psfgen) Info: psf file complete.


========================

PDB file Built: aLRha13bDGlc.pdb

Error: 
