Running CarbBuilder
bDGlc13bDGal
bDGlc13bDGal
bDGlc(1->3)bDGal
mono CBv2.1.45/CBv2.1.45/CarbBuilder2.exe -i "bDGlc(1->3)bDGal" -o bDGlc13bDGal -PSF
Output:  ----------------------------------
 ========== CarbBuilder v2 ========
 ----------------------------------
--- Author:  Michelle Kuttel mkuttel@gmail.com, [CarbBuilder v1 by Yue Mao and Michelle Kuttel]
--- University of Cape Town, South Africa.
--- CarbBuilder is distributed under:
--- The Artistic License 2.0  Copyright (c) 2021 Michelle M. Kuttel
---  For structures produced, please reference:  CarbBuilder: Software for Building Molecular Models of Complex Oligo- and Polysaccharide Structures. M. M. Kuttel, Jonas Stahle, and Goran Widmalm, J. Comput. Chem., 37(22): 2098-2105 (2016). DOI: 10.1002/jcc.24428.
 -----------------------------
==================================================
... Input string is bDGlc(1->3)bDGal
... Repeat unit length = 2
... No residues = 2
==================================================

... Searching file 'dihedrals.txt' for  'bDGlc 1 3 bDGal'... NOT found! 
... so now searching  file 'dihedrals.txt' for  basic linkage 'bDGlc 1 3 bDGal'... NOT found! 

... so now searching  file 'dihedrals.txt' for alternative basic linkage 'bDGlc 1 3 aDGal'... Dihedral Match: bDGlc 1 3 aDGal,2,35 10
...Linking residues (#1)  bDGlc(1->3)bDGal (#0)
...   Trying dihedral angles = 35.001,10.001
...    successful
FINAL linkage: #2 bDGlc (1->3) #1 bDGal: 35, 10
FINAL structurebDGlc13bDGal
... 	Writing pbd file: bDGlc13bDGal.pdb
... 	Writing pbd file: bDGlc13bDGal_prePSFgen.pdb
... invoking psfgen  with commands: 
...

topology /home/vboxuser/Documents/HonsProject/Code/CBv2.1.45/CBv2.1.45/structureFile/CHARMM_topology_file.txt
segment CARB {pdb bDGlc13bDGal.pdb}
patch 13bb CARB:1 CARB:2
coordpdb bDGlc13bDGal.pdb CARB
regenerate angles dihedrals
writepdb bDGlc13bDGal.pdb
writepsf bDGlc13bDGal.psf
exit
...

PSFGEN 2.0 from NAMD 3.0b6 for Linux-x86_64-multicore
psfgen) reading topology file /home/vboxuser/Documents/HonsProject/Code/CBv2.1.45/CBv2.1.45/structureFile/CHARMM_topology_file.txt

psfgen)  $Id: top_allxx_sugar.inp,v 1.98 2011-07-20 15:03:53 prabhu Exp $
psfgen) >>>>>>>>>>>> All-hydrogen topologies used in the <<<<<<<<<<<<<<<<
psfgen) >>>>> development of the CHARMM carbohydrate  force field<<<<<<<<
psfgen) >>>>>>>>>>>>>>>>>>>>>>>>> June 2009 <<<<<<<<<<<<<<<<<<<<<<<<<<<<<
psfgen) >>>>>>>> Direct comments to Alexander D. MacKerell Jr. <<<<<<<<<<
psfgen) >>>>>>>>>> via the CHARMM web site: www.charmm.org <<<<<<<<<<<<<<
psfgen) >>>>>>>>>>>>>>> parameter set discussion forum <<<<<<<<<<<<<<<<<<
psfgen) 
psfgen) Created by CHARMM version 32 1
psfgen) building segment CARB
psfgen) reading residues from pdb file bDGlc13bDGal.pdb
psfgen) extracted 2 residues from pdb file
Info: generating structure...
segment complete.
psfgen) applying patch 13BB to 2 residue(s)
psfgen) reading coordinates from pdb file bDGlc13bDGal.pdb for segment CARB
psfgen) regenerating all angles
psfgen) regenerating all dihedrals
psfgen) Info: writing pdb file bDGlc13bDGal.pdb
psfgen) Info: pdb file complete.
psfgen) Info: writing psf file bDGlc13bDGal.psf
psfgen) total of 45 atoms
psfgen) total of 46 bonds
psfgen) total of 83 angles
psfgen) total of 132 dihedrals
psfgen) total of 0 impropers
psfgen) total of 0 explicit exclusions
psfgen) Structure requires EXTended PSF format
psfgen) total of 0 cross-terms
psfgen) Info: psf file complete.


========================

PDB file Built: bDGlc13bDGal.pdb

Error: 
